<?xml version="1.0" encoding="utf-8"?><testsuites name="pytest tests"><testsuite name="pytest" errors="0" failures="0" skipped="0" tests="11" time="3.718" timestamp="2026-01-20T12:18:57.262420+00:00" hostname="agent-env-dc351ae8-5b45-4165-b551-83fd08ebccae"><testcase classname="tests.test_planed_features.TestAuthEndpoints" name="test_login_success" time="0.338" /><testcase classname="tests.test_planed_features.TestAuthEndpoints" name="test_login_invalid_credentials" time="0.061" /><testcase classname="tests.test_planed_features.TestAuthEndpoints" name="test_auth_me_endpoint" time="0.412" /><testcase classname="tests.test_planed_features.TestAuthEndpoints" name="test_auth_me_without_token" time="0.061" /><testcase classname="tests.test_planed_features.TestMatheSchulbuecher" name="test_schulbuecher_returns_25_books" time="0.390" /><testcase classname="tests.test_planed_features.TestMatheSchulbuecher" name="test_schulbuecher_klassenstufe_5_6" time="0.374" /><testcase classname="tests.test_planed_features.TestMatheSchulbuecher" name="test_schulbuecher_klassenstufe_7_8" time="0.337" /><testcase classname="tests.test_planed_features.TestMatheSchulbuecher" name="test_schulbuecher_klassenstufe_9_10" time="0.322" /><testcase classname="tests.test_planed_features.TestMatheSchulbuecher" name="test_schulbuecher_contains_all_verlage" time="0.337" /><testcase classname="tests.test_planed_features.TestMatheLehrplanStruktur" name="test_struktur_returns_correct_klassenstufen" time="0.431" /><testcase classname="tests.test_planed_features.TestMatheLehrplanStruktur" name="test_struktur_has_kompetenzbereiche" time="0.425" /></testsuite></testsuites>