<?xml version="1.0" encoding="utf-8"?><testsuites name="pytest tests"><testsuite name="pytest" errors="0" failures="0" skipped="0" tests="38" time="6.442" timestamp="2026-01-12T14:47:25.378842+00:00" hostname="agent-env-7f4fbeca-95a9-4ed4-8f05-6271b0804988"><testcase classname="tests.test_planed_api.TestHealthAndHolidays" name="test_api_health" time="0.083" /><testcase classname="tests.test_planed_api.TestHealthAndHolidays" name="test_get_bundeslaender" time="0.035" /><testcase classname="tests.test_planed_api.TestHealthAndHolidays" name="test_get_rheinland_pfalz_holidays" time="0.039" /><testcase classname="tests.test_planed_api.TestHealthAndHolidays" name="test_get_bayern_holidays" time="0.040" /><testcase classname="tests.test_planed_api.TestHealthAndHolidays" name="test_get_invalid_bundesland_holidays" time="0.042" /><testcase classname="tests.test_planed_api.TestHealthAndHolidays" name="test_get_public_holidays" time="0.041" /><testcase classname="tests.test_planed_api.TestAuthentication" name="test_register_new_user" time="0.268" /><testcase classname="tests.test_planed_api.TestAuthentication" name="test_register_duplicate_email" time="0.294" /><testcase classname="tests.test_planed_api.TestAuthentication" name="test_login_success" time="0.525" /><testcase classname="tests.test_planed_api.TestAuthentication" name="test_login_invalid_credentials" time="0.036" /><testcase classname="tests.test_planed_api.TestAuthentication" name="test_get_current_user" time="0.306" /><testcase classname="tests.test_planed_api.TestSchoolYears" name="test_create_school_year" time="0.276" /><testcase classname="tests.test_planed_api.TestSchoolYears" name="test_get_school_years" time="0.013" /><testcase classname="tests.test_planed_api.TestClasses" name="test_create_class" time="0.288" /><testcase classname="tests.test_planed_api.TestClasses" name="test_get_classes" time="0.050" /><testcase classname="tests.test_planed_api.TestClasses" name="test_update_class" time="0.071" /><testcase classname="tests.test_planed_api.TestClasses" name="test_delete_class" time="0.077" /><testcase classname="tests.test_planed_api.TestLessons" name="test_create_lesson" time="0.395" /><testcase classname="tests.test_planed_api.TestLessons" name="test_get_lessons" time="0.008" /><testcase classname="tests.test_planed_api.TestLessons" name="test_update_lesson" time="0.114" /><testcase classname="tests.test_planed_api.TestLessons" name="test_delete_lesson" time="0.081" /><testcase classname="tests.test_planed_api.TestLessons" name="test_copy_lesson" time="0.081" /><testcase classname="tests.test_planed_api.TestTodos" name="test_create_todo" time="0.302" /><testcase classname="tests.test_planed_api.TestTodos" name="test_get_todos" time="0.053" /><testcase classname="tests.test_planed_api.TestTodos" name="test_update_todo_complete" time="0.063" /><testcase classname="tests.test_planed_api.TestTodos" name="test_delete_todo" time="0.020" /><testcase classname="tests.test_planed_api.TestTemplates" name="test_create_template" time="0.330" /><testcase classname="tests.test_planed_api.TestTemplates" name="test_get_templates" time="0.008" /><testcase classname="tests.test_planed_api.TestTemplates" name="test_use_template" time="0.055" /><testcase classname="tests.test_planed_api.TestNotifications" name="test_get_notifications" time="0.316" /><testcase classname="tests.test_planed_api.TestNotifications" name="test_get_unread_count" time="0.008" /><testcase classname="tests.test_planed_api.TestHistory" name="test_get_history" time="0.290" /><testcase classname="tests.test_planed_api.TestSearch" name="test_search_lessons" time="0.275" /><testcase classname="tests.test_planed_api.TestUserSettings" name="test_update_bundesland" time="0.291" /><testcase classname="tests.test_planed_api.TestStatistics" name="test_get_statistics" time="0.396" /><testcase classname="tests.test_planed_api.TestSharing" name="test_get_my_shares" time="0.311" /><testcase classname="tests.test_planed_api.TestSharing" name="test_get_shared_with_me" time="0.007" /><testcase classname="tests.test_planed_api.TestDocuments" name="test_get_documents" time="0.396" /></testsuite></testsuites>